<?xml version="1.0" encoding="UTF-8"?>
<testsuite xmlns:xsi="http://www.w3.org/2001/XMLSchema-instance" xsi:noNamespaceSchemaLocation="https://maven.apache.org/surefire/maven-surefire-plugin/xsd/surefire-test-report-3.0.xsd" version="3.0" name="TestSuite" time="1.398" tests="31" errors="0" skipped="23" failures="5">
  <properties>
[...]
</properties>
  <testcase name="testFindAll" classname="com.company.scm.repository.ProductRepositoryTest" time="0.004">
    <system-out><![CDATA[20:33:44.053 [main] INFO  com.company.scm.util.LoggerUtil - Product saved: P001
20:33:44.058 [main] INFO  com.company.scm.util.LoggerUtil - Product saved: P002
20:33:44.059 [main] INFO  com.company.scm.util.LoggerUtil - Fetching all 2 product items.
]]></system-out>
  </testcase>
  <testcase name="testFindById_NotFound" classname="com.company.scm.repository.ProductRepositoryTest" time="0">
    <system-out><![CDATA[20:33:44.062 [main] INFO  com.company.scm.util.LoggerUtil - Product repository cleared.
20:33:44.065 [main] INFO  com.company.scm.util.LoggerUtil - Product saved: P001
]]></system-out>
  </testcase>
  <testcase name="testFindById_Success" classname="com.company.scm.repository.ProductRepositoryTest" time="0">
    <system-out><![CDATA[20:33:44.066 [main] INFO  com.company.scm.util.LoggerUtil - Product repository cleared.
20:33:44.067 [main] INFO  com.company.scm.util.LoggerUtil - Product saved: P001
]]></system-out>
  </testcase>
  <testcase name="setup" classname="com.company.scm.service.InventoryServiceTest" time="0.008">
    <failure message="W001" type="com.company.scm.exception.EntityNotFoundException"><![CDATA[com.company.scm.exception.EntityNotFoundException: W001
	at com.company.scm.service.InventoryServiceTest.setup(InventoryServiceTest.java:30)
]]></failure>
    <system-out><![CDATA[20:33:44.067 [main] INFO  com.company.scm.util.LoggerUtil - Product repository cleared.
20:33:44.071 [main] INFO  com.company.scm.util.LoggerUtil - Adding stock to inventory
]]></system-out>
  </testcase>
  <testcase name="setup" classname="com.company.scm.service.InventoryServiceTest" time="0">
    <skipped/>
  </testcase>
  <testcase name="setup" classname="com.company.scm.service.InventoryServiceTest" time="0">
    <skipped/>
  </testcase>
  <testcase name="setup" classname="com.company.scm.service.InventoryServiceTest" time="0">
    <skipped/>
  </testcase>
  <testcase name="setup" classname="com.company.scm.service.InventoryServiceTest" time="0">
    <skipped/>
  </testcase>
  <testcase name="setup" classname="com.company.scm.service.InventoryServiceTest" time="0">
    <skipped/>
  </testcase>
  <testcase name="setup" classname="com.company.scm.service.InventoryServiceTest" time="0">
    <skipped/>
  </testcase>
  <testcase name="setup" classname="com.company.scm.service.InventoryServiceTest" time="0">
    <skipped/>
  </testcase>
  <testcase name="testAddStockSuccess" classname="com.company.scm.service.InventoryServiceTest" time="0">
    <skipped message="W001"/>
  </testcase>
  <testcase name="cleanup" classname="com.company.scm.service.InventoryServiceTest" time="0">
    <skipped/>
  </testcase>
  <testcase name="cleanup" classname="com.company.scm.service.InventoryServiceTest" time="0">
    <skipped/>
  </testcase>
  <testcase name="cleanup" classname="com.company.scm.service.InventoryServiceTest" time="0">
    <skipped/>
  </testcase>
  <testcase name="cleanup" classname="com.company.scm.service.InventoryServiceTest" time="0">
    <skipped/>
  </testcase>
  <testcase name="cleanup" classname="com.company.scm.service.InventoryServiceTest" time="0">
    <skipped/>
  </testcase>
  <testcase name="cleanup" classname="com.company.scm.service.InventoryServiceTest" time="0">
    <skipped/>
  </testcase>
  <testcase name="cleanup" classname="com.company.scm.service.InventoryServiceTest" time="0">
    <skipped/>
  </testcase>
  <testcase name="cleanup" classname="com.company.scm.service.InventoryServiceTest" time="0">
    <skipped/>
  </testcase>
  <testcase name="testAddStock_ZeroQuantity_ThrowsException" classname="com.company.scm.service.InventoryServiceTest" time="0">
    <skipped message="W001"/>
  </testcase>
  <testcase name="testRemoveStockExceedingQuantity_ThrowsException" classname="com.company.scm.service.InventoryServiceTest" time="0">
    <skipped message="W001"/>
  </testcase>
  <testcase name="testRemoveStockSuccess" classname="com.company.scm.service.InventoryServiceTest" time="0">
    <skipped message="W001"/>
  </testcase>
  <testcase name="testStockTransferUpdatesBothWarehouses[2, 8, 2](1)" classname="com.company.scm.service.InventoryServiceTest" time="0">
    <skipped message="W001"/>
  </testcase>
  <testcase name="testStockTransferUpdatesBothWarehouses[5, 5, 5](2)" classname="com.company.scm.service.InventoryServiceTest" time="0">
    <skipped message="W001"/>
  </testcase>
  <testcase name="testStockTransferUpdatesBothWarehouses[10, 0, 10](3)" classname="com.company.scm.service.InventoryServiceTest" time="0">
    <skipped message="W001"/>
  </testcase>
  <testcase name="testTransferStock_InvalidDestination_ThrowsException" classname="com.company.scm.service.InventoryServiceTest" time="0">
    <skipped message="W001"/>
  </testcase>
  <testcase name="testFulfillSalesOrder_Success" classname="com.company.scm.service.OrderServiceTest" time="0.004">
    <failure message="Inventory item for product P001 in warehouse W001 not found." type="com.company.scm.exception.EntityNotFoundException"><![CDATA[com.company.scm.exception.EntityNotFoundException: Inventory item for product P001 in warehouse W001 not found.
	at com.company.scm.service.OrderServiceTest.testFulfillSalesOrder_Success(OrderServiceTest.java:50)
]]></failure>
    <system-out><![CDATA[20:33:44.090 [main] INFO  com.company.scm.util.LoggerUtil - Adding stock to inventory
20:33:44.095 [main] INFO  com.company.scm.util.LoggerUtil - Inventory item saved/updated: P001-W001
20:33:44.097 [main] INFO  com.company.scm.util.LoggerUtil - --- Creating a Sales order(SO) ---
20:33:44.099 [main] INFO  com.company.scm.util.LoggerUtil - SalesOrder saved: SO-0522
20:33:44.099 [main] INFO  com.company.scm.util.LoggerUtil - Removing stock from inventory
]]></system-out>
  </testcase>
  <testcase name="testFulfillSalesOrder_InsufficientStock_ThrowsException" classname="com.company.scm.service.OrderServiceTest" time="0.003">
    <failure message="&#10;Expected exception of type class com.company.scm.exception.InsufficientStockException but got com.company.scm.exception.EntityNotFoundException: Inventory item for product P001 in warehouse W001 not found." type="org.testng.TestException"><![CDATA[org.testng.TestException: 

Expected exception of type class com.company.scm.exception.InsufficientStockException but got com.company.scm.exception.EntityNotFoundException: Inventory item for product P001 in warehouse W001 not found.
	at com.company.scm.service.OrderServiceTest.testFulfillSalesOrder_InsufficientStock_ThrowsException(OrderServiceTest.java:66)
]]></failure>
    <system-out><![CDATA[20:33:44.101 [main] INFO  com.company.scm.util.LoggerUtil - Adding stock to inventory
20:33:44.101 [main] INFO  com.company.scm.util.LoggerUtil - Inventory item saved/updated: P001-W001
20:33:44.102 [main] INFO  com.company.scm.util.LoggerUtil - --- Creating a Sales order(SO) ---
20:33:44.102 [main] INFO  com.company.scm.util.LoggerUtil - SalesOrder saved: SO-60BC
20:33:44.102 [main] INFO  com.company.scm.util.LoggerUtil - Removing stock from inventory
]]></system-out>
  </testcase>
  <testcase name="testPrintInventoryReport" classname="com.company.scm.service.ReportServiceTest" time="0.013">
    <failure message="expected [true] but found [false]" type="java.lang.AssertionError"><![CDATA[java.lang.AssertionError: expected [true] but found [false]
	at com.company.scm.service.ReportServiceTest.testPrintInventoryReport(ReportServiceTest.java:55)
]]></failure>
    <system-out><![CDATA[20:33:44.105 [main] INFO  com.company.scm.util.LoggerUtil - Product saved: P001
20:33:44.106 [main] INFO  com.company.scm.util.LoggerUtil - Product saved: P002
20:33:44.106 [main] INFO  com.company.scm.util.LoggerUtil - Inventory item saved/updated: P001-W001
20:33:44.106 [main] INFO  com.company.scm.util.LoggerUtil - Inventory item saved/updated: P002-W001
20:33:44.106 [main] INFO  com.company.scm.util.LoggerUtil - --- Inventory Report ---
20:33:44.107 [main] INFO  com.company.scm.util.LoggerUtil - Fetching all 2 inventory items.
20:33:44.115 [main] INFO  com.company.scm.util.LoggerUtil - Product Id: P001
Product: Laptop
Quantity: 10
Warehouse: W001
20:33:44.115 [main] INFO  com.company.scm.util.LoggerUtil - Product Id: P002
Product: Monitor
Quantity: 3
Warehouse: W001
20:33:44.116 [main] INFO  com.company.scm.util.LoggerUtil - ----------------------
]]></system-out>
  </testcase>
  <testcase name="testPrintLowStockReport" classname="com.company.scm.service.ReportServiceTest" time="0.002">
    <failure message="expected [true] but found [false]" type="java.lang.AssertionError"><![CDATA[java.lang.AssertionError: expected [true] but found [false]
	at com.company.scm.service.ReportServiceTest.testPrintLowStockReport(ReportServiceTest.java:65)
]]></failure>
    <system-out><![CDATA[20:33:44.118 [main] INFO  com.company.scm.util.LoggerUtil - Inventory repository cleared.
20:33:44.118 [main] INFO  com.company.scm.util.LoggerUtil - Product repository cleared.
20:33:44.119 [main] INFO  com.company.scm.util.LoggerUtil - Product saved: P001
20:33:44.119 [main] INFO  com.company.scm.util.LoggerUtil - Product saved: P002
20:33:44.120 [main] INFO  com.company.scm.util.LoggerUtil - Inventory item saved/updated: P001-W001
20:33:44.120 [main] INFO  com.company.scm.util.LoggerUtil - Inventory item saved/updated: P002-W001
20:33:44.121 [main] INFO  com.company.scm.util.LoggerUtil - --- Low Stock Report (Threshold: 5) ---
20:33:44.121 [main] INFO  com.company.scm.util.LoggerUtil - Fetching all 2 inventory items.
20:33:44.121 [main] INFO  com.company.scm.util.LoggerUtil - Product Id: P002
Product: Monitor
Quantity: 3
Warehouse: W001
20:33:44.122 [main] INFO  com.company.scm.util.LoggerUtil - ----------------------
]]></system-out>
  </testcase>
</testsuite>